D:\MYWORK\PAPER\SALIENT\CODE\SALIENCYFILTERS-MASTER\SALIENCYFILTERS-CONTRAST\DEMOCODE\VC2012\X64\RELEASE\IMGLIB.OBJ
D:\MYWORK\PAPER\SALIENT\CODE\SALIENCYFILTERS-MASTER\SALIENCYFILTERS-CONTRAST\DEMOCODE\VC2012\X64\RELEASE\SALIENCY.OBJ
D:\MYWORK\PAPER\SALIENT\CODE\SALIENCYFILTERS-MASTER\SALIENCYFILTERS-CONTRAST\DEMOCODE\VC2012\X64\RELEASE\TEST.OBJ
D:\MYWORK\PAPER\SALIENT\CODE\SALIENCYFILTERS-MASTER\SALIENCYFILTERS-CONTRAST\DEMOCODE\VC2012\X64\RELEASE\VC110.PDB
D:\MYWORK\PAPER\SALIENT\CODE\SALIENCYFILTERS-MASTER\SALIENCYFILTERS-CONTRAST\DEMOCODE\VC2012\X64\RELEASE\SALIENCYMDC.EXE
D:\MYWORK\PAPER\SALIENT\CODE\SALIENCYFILTERS-MASTER\SALIENCYFILTERS-CONTRAST\DEMOCODE\VC2012\X64\RELEASE\SALIENCYMDC.PDB
D:\MyWork\Paper\Salient\Code\saliencyfilters-master\saliencyfilters-Contrast\DemoCode\VC2012\Code04_20170524Release-rar\x64\Release\imgLib.obj
D:\MyWork\Paper\Salient\Code\saliencyfilters-master\saliencyfilters-Contrast\DemoCode\VC2012\Code04_20170524Release-rar\x64\Release\Saliency.obj
D:\MyWork\Paper\Salient\Code\saliencyfilters-master\saliencyfilters-Contrast\DemoCode\VC2012\Code04_20170524Release-rar\x64\Release\test.obj
D:\MyWork\Paper\Salient\Code\saliencyfilters-master\saliencyfilters-Contrast\DemoCode\VC2012\Code04_20170524Release-rar\x64\Release\cl.command.1.tlog
D:\MyWork\Paper\Salient\Code\saliencyfilters-master\saliencyfilters-Contrast\DemoCode\VC2012\Code04_20170524Release-rar\x64\Release\CL.read.1.tlog
D:\MyWork\Paper\Salient\Code\saliencyfilters-master\saliencyfilters-Contrast\DemoCode\VC2012\Code04_20170524Release-rar\x64\Release\CL.write.1.tlog
D:\MyWork\Paper\Salient\Code\saliencyfilters-master\saliencyfilters-Contrast\DemoCode\VC2012\Code04_20170524Release-rar\x64\Release\link-cvtres.read.1.tlog
D:\MyWork\Paper\Salient\Code\saliencyfilters-master\saliencyfilters-Contrast\DemoCode\VC2012\Code04_20170524Release-rar\x64\Release\link-cvtres.write.1.tlog
D:\MyWork\Paper\Salient\Code\saliencyfilters-master\saliencyfilters-Contrast\DemoCode\VC2012\Code04_20170524Release-rar\x64\Release\link-rc.read.1.tlog
D:\MyWork\Paper\Salient\Code\saliencyfilters-master\saliencyfilters-Contrast\DemoCode\VC2012\Code04_20170524Release-rar\x64\Release\link-rc.write.1.tlog
D:\MyWork\Paper\Salient\Code\saliencyfilters-master\saliencyfilters-Contrast\DemoCode\VC2012\Code04_20170524Release-rar\x64\Release\link.command.1.tlog
D:\MyWork\Paper\Salient\Code\saliencyfilters-master\saliencyfilters-Contrast\DemoCode\VC2012\Code04_20170524Release-rar\x64\Release\link.read.1.tlog
D:\MyWork\Paper\Salient\Code\saliencyfilters-master\saliencyfilters-Contrast\DemoCode\VC2012\Code04_20170524Release-rar\x64\Release\link.write.1.tlog
D:\MyWork\Paper\Salient\Code\saliencyfilters-master\saliencyfilters-Contrast\DemoCode\VC2012\Code04_20170524Release-rar\x64\Release\vc110.idb
D:\MyWork\Paper\Salient\Code\saliencyfilters-master\saliencyfilters-Contrast\DemoCode\VC2012\Code04_20170524Release-rar\x64\Release\SaliencyMDC.pdb
D:\MyWork\Paper\Salient\Code\saliencyfilters-master\saliencyfilters-Contrast\DemoCode\VC2012\Code04_20170524Release-rar\x64\Release\vc110.pdb
D:\MyWork\Paper\Salient\Code\saliencyfilters-master\saliencyfilters-Contrast\DemoCode\VC2012\Code04_20170524Release-rar\x64\Release\SaliencyMDC.exe
