D:\MYWORK\PAPER\SALIENT\CODE\SALIENCYFILTERS-MASTER\SALIENCYFILTERS-CONTRAST\DEMOCODE\VC2012\CODE04_20170524RELEASE-RAR\X64\DEBUG\TEST.OBJ
D:\MYWORK\PAPER\SALIENT\CODE\SALIENCYFILTERS-MASTER\SALIENCYFILTERS-CONTRAST\DEMOCODE\VC2012\CODE04_20170524RELEASE-RAR\X64\DEBUG\SALIENCY.OBJ
D:\MYWORK\PAPER\SALIENT\CODE\SALIENCYFILTERS-MASTER\SALIENCYFILTERS-CONTRAST\DEMOCODE\VC2012\CODE04_20170524RELEASE-RAR\X64\DEBUG\IMGLIB.OBJ
D:\MYWORK\PAPER\SALIENT\CODE\SALIENCYFILTERS-MASTER\SALIENCYFILTERS-CONTRAST\DEMOCODE\VC2012\CODE04_20170524RELEASE-RAR\X64\DEBUG\VC110.PDB
D:\MYWORK\PAPER\SALIENT\CODE\SALIENCYFILTERS-MASTER\SALIENCYFILTERS-CONTRAST\DEMOCODE\VC2012\CODE04_20170524RELEASE-RAR\X64\DEBUG\SALIENCYMDC.ILK
D:\MYWORK\PAPER\SALIENT\CODE\SALIENCYFILTERS-MASTER\SALIENCYFILTERS-CONTRAST\DEMOCODE\VC2012\CODE04_20170524RELEASE-RAR\X64\DEBUG\SALIENCYMDC.EXE
D:\MYWORK\PAPER\SALIENT\CODE\SALIENCYFILTERS-MASTER\SALIENCYFILTERS-CONTRAST\DEMOCODE\VC2012\CODE04_20170524RELEASE-RAR\X64\DEBUG\SALIENCYMDC.PDB
D:\MyWork\Paper\Salient\Code\saliencyfilters-master\saliencyfilters-Contrast\DemoCode\VC2012\Code04_20170524Release-rar\x64\Debug\imgLib.obj
D:\MyWork\Paper\Salient\Code\saliencyfilters-master\saliencyfilters-Contrast\DemoCode\VC2012\Code04_20170524Release-rar\x64\Debug\Saliency.obj
D:\MyWork\Paper\Salient\Code\saliencyfilters-master\saliencyfilters-Contrast\DemoCode\VC2012\Code04_20170524Release-rar\x64\Debug\test.obj
D:\MyWork\Paper\Salient\Code\saliencyfilters-master\saliencyfilters-Contrast\DemoCode\VC2012\Code04_20170524Release-rar\x64\Debug\SaliencyMDC.ilk
D:\MyWork\Paper\Salient\Code\saliencyfilters-master\saliencyfilters-Contrast\DemoCode\VC2012\Code04_20170524Release-rar\x64\Debug\cl.command.1.tlog
D:\MyWork\Paper\Salient\Code\saliencyfilters-master\saliencyfilters-Contrast\DemoCode\VC2012\Code04_20170524Release-rar\x64\Debug\CL.read.1.tlog
D:\MyWork\Paper\Salient\Code\saliencyfilters-master\saliencyfilters-Contrast\DemoCode\VC2012\Code04_20170524Release-rar\x64\Debug\CL.write.1.tlog
D:\MyWork\Paper\Salient\Code\saliencyfilters-master\saliencyfilters-Contrast\DemoCode\VC2012\Code04_20170524Release-rar\x64\Debug\link-cvtres.read.1.tlog
D:\MyWork\Paper\Salient\Code\saliencyfilters-master\saliencyfilters-Contrast\DemoCode\VC2012\Code04_20170524Release-rar\x64\Debug\link-cvtres.write.1.tlog
D:\MyWork\Paper\Salient\Code\saliencyfilters-master\saliencyfilters-Contrast\DemoCode\VC2012\Code04_20170524Release-rar\x64\Debug\link-rc.read.1.tlog
D:\MyWork\Paper\Salient\Code\saliencyfilters-master\saliencyfilters-Contrast\DemoCode\VC2012\Code04_20170524Release-rar\x64\Debug\link-rc.write.1.tlog
D:\MyWork\Paper\Salient\Code\saliencyfilters-master\saliencyfilters-Contrast\DemoCode\VC2012\Code04_20170524Release-rar\x64\Debug\link.command.1.tlog
D:\MyWork\Paper\Salient\Code\saliencyfilters-master\saliencyfilters-Contrast\DemoCode\VC2012\Code04_20170524Release-rar\x64\Debug\link.read.1.tlog
D:\MyWork\Paper\Salient\Code\saliencyfilters-master\saliencyfilters-Contrast\DemoCode\VC2012\Code04_20170524Release-rar\x64\Debug\link.write.1.tlog
D:\MyWork\Paper\Salient\Code\saliencyfilters-master\saliencyfilters-Contrast\DemoCode\VC2012\Code04_20170524Release-rar\x64\Debug\SaliencyMDC.pdb
D:\MyWork\Paper\Salient\Code\saliencyfilters-master\saliencyfilters-Contrast\DemoCode\VC2012\Code04_20170524Release-rar\x64\Debug\vc110.pdb
D:\MyWork\Paper\Salient\Code\saliencyfilters-master\saliencyfilters-Contrast\DemoCode\VC2012\Code04_20170524Release-rar\x64\Debug\SaliencyMDC.exe
